<?xml version="1.0" encoding="UTF-8"?>
<testsuites tests="7" failures="0" disabled="0" errors="0" time="0.300" name="AllTestSuite">
  <testsuite name="TestSuite" tests="7" failures="0" disabled="0" errors="0" timestamp="2020-01-01T12:00:00" time="10">
    <testcase name="Test1-Skipped" status="notrun" time="10" classname="TestClassNameA">
      <skipped/>
    </testcase>
    <testcase name="Test2-Skipped" status="notrun" time="20" classname="TestClassNameB">
      <skipped/>
    </testcase>
    <testcase name="Test3-Skipped" status="notrun" time="30" classname="TestClassNameC">
      <skipped/>
    </testcase>
    <testcase name="Test4" status="run" time="40" classname="TestClassNameA" />
    <testcase name="Test5" status="run" time="50" classname="TestClassNameB" />
    <testcase name="Test6" status="run" time="60" classname="TestClassNameC" />
    <testcase name="Test7" status="run" time="0" classname="TestClassNameA" />
  </testsuite>
</testsuites>
