<?xml version="1.0" encoding="UTF-8"?>
<testsuites tests="7" failures="0" disabled="0" errors="0" time="0.300s" name="AllTestSuite">
  <testsuite name="TestSuite1" tests="7" failures="0" disabled="0" errors="0" timestamp="2020-01-01T12:00:00" time="10">
    <testcase name="Test1" status="run" time="10ms" classname="TestSuite" />
    <testcase name="Test2" status="run" time="20ms" classname="TestSuite" />
    <testcase name="Test3" status="run" time="30ms" classname="TestSuite" />
    <testcase name="Test4" status="run" time="40ms" classname="TestSuite" />
    <testcase name="Test5" status="run" time="50ms" classname="TestSuite" />
    <testcase name="Test6" status="run" time="60ms" classname="TestSuite" />
    <testcase name="Test7" status="run" time="0" classname="TestSuite" />
  </testsuite>
  <testsuite name="TestSuite2" tests="3" failures="0" disabled="0" errors="0" timestamp="2020-01-01T12:00:00" time="10">
    <testcase name="Test1" status="run" time="10ms" classname="TestSuite" />
    <testcase name="Test2" status="run" time="20ms" classname="TestSuite" />
    <testcase name="Test3" status="run" time="30ms" classname="TestSuite" />
  </testsuite>
</testsuites>
